<?xml version="1.0" encoding="UTF-8"?>
<testng-results ignored="0" total="1" passed="1" failed="0" skipped="0">
  <reporter-output>
  </reporter-output>
  <suite started-at="2024-09-04T17:29:27 IST" name="Default suite" finished-at="2024-09-04T17:29:35 IST" duration-ms="7956">
    <groups>
    </groups>
    <test started-at="2024-09-04T17:29:27 IST" name="Default test" finished-at="2024-09-04T17:29:35 IST" duration-ms="7956">
      <class name="frameworkExtentReport.ExtentReport.ExtentReportDemo">
        <test-method is-config="true" signature="config()[pri:0, instance:frameworkExtentReport.ExtentReport.ExtentReportDemo@5afa3c9]" started-at="2024-09-04T17:29:27 IST" name="config" finished-at="2024-09-04T17:29:28 IST" duration-ms="435" status="PASS">
          <reporter-output>
          </reporter-output>
        </test-method> <!-- config -->
        <test-method signature="initialDemo()[pri:0, instance:frameworkExtentReport.ExtentReport.ExtentReportDemo@5afa3c9]" started-at="2024-09-04T17:29:28 IST" name="initialDemo" finished-at="2024-09-04T17:29:35 IST" duration-ms="7477" status="PASS">
          <reporter-output>
          </reporter-output>
        </test-method> <!-- initialDemo -->
      </class> <!-- frameworkExtentReport.ExtentReport.ExtentReportDemo -->
    </test> <!-- Default test -->
  </suite> <!-- Default suite -->
</testng-results>
